2025-01-30 20:34:22,505 - WARNING - SpawnProcess-2 - Teacher 22 is already teaching another subject in slot 8 on monday.
2025-01-30 20:34:22,505 - WARNING - SpawnProcess-2 - Teacher 22 is already teaching another subject in slot 6 on tuesday.
2025-01-30 20:34:22,507 - WARNING - SpawnProcess-2 - Some students are already assigned to another class in slot 1 on monday.
2025-01-30 20:34:22,508 - WARNING - SpawnProcess-2 - Teacher 22 is already teaching another subject in slot 7 on monday.
2025-01-30 20:34:22,508 - WARNING - SpawnProcess-2 - Teacher 22 is already teaching another subject in slot 8 on monday.
2025-01-30 20:34:22,508 - WARNING - SpawnProcess-2 - Teacher 22 is already teaching another subject in slot 7 on tuesday.
2025-01-30 20:34:22,510 - WARNING - SpawnProcess-2 - Some students are already assigned to another class in slot 1 on monday.
2025-01-30 20:34:22,510 - WARNING - SpawnProcess-2 - Teacher 22 is already teaching another subject in slot 7 on monday.
2025-01-30 20:34:22,510 - WARNING - SpawnProcess-2 - Teacher 22 is already teaching another subject in slot 8 on monday.
2025-01-30 20:34:22,511 - WARNING - SpawnProcess-2 - Teacher 22 is already teaching another subject in slot 8 on tuesday.
2025-01-30 20:34:22,513 - WARNING - SpawnProcess-2 - Some students are already assigned to another class in slot 1 on monday.
2025-01-30 20:34:22,513 - WARNING - SpawnProcess-2 - Teacher 22 is already teaching another subject in slot 7 on monday.
2025-01-30 20:34:22,513 - WARNING - SpawnProcess-2 - Teacher 22 is already teaching another subject in slot 8 on monday.
2025-01-30 20:34:22,514 - WARNING - SpawnProcess-2 - Teacher 22 is already teaching another subject in slot 9 on tuesday.
2025-01-30 20:34:22,516 - WARNING - SpawnProcess-2 - Some students are already assigned to another class in slot 1 on monday.
2025-01-30 20:34:22,516 - WARNING - SpawnProcess-2 - Teacher 22 is already teaching another subject in slot 7 on monday.
2025-01-30 20:34:22,516 - WARNING - SpawnProcess-2 - Teacher 22 is already teaching another subject in slot 8 on monday.
2025-01-30 20:34:22,517 - WARNING - SpawnProcess-2 - Teacher 22 is already teaching another subject in slot 10 on tuesday.
2025-01-30 20:34:22,518 - WARNING - SpawnProcess-2 - Some students are already assigned to another class in slot 1 on monday.
2025-01-30 20:34:22,519 - WARNING - SpawnProcess-2 - Teacher 22 is already teaching another subject in slot 7 on monday.
2025-01-30 20:34:22,519 - WARNING - SpawnProcess-2 - Teacher 22 is already teaching another subject in slot 8 on monday.
2025-01-30 20:34:22,520 - WARNING - SpawnProcess-2 - Teacher 22 is already teaching another subject in slot 1 on wednesday.
2025-01-30 20:34:22,521 - WARNING - SpawnProcess-2 - Some students are already assigned to another class in slot 1 on monday.
2025-01-30 20:34:22,522 - WARNING - SpawnProcess-2 - Teacher 22 is already teaching another subject in slot 7 on monday.
2025-01-30 20:34:22,522 - WARNING - SpawnProcess-2 - Teacher 22 is already teaching another subject in slot 8 on monday.
2025-01-30 20:34:22,523 - WARNING - SpawnProcess-2 - Teacher 22 is already teaching another subject in slot 2 on wednesday.
2025-01-30 20:34:22,524 - WARNING - SpawnProcess-2 - Some students are already assigned to another class in slot 1 on monday.
2025-01-30 20:34:22,524 - WARNING - SpawnProcess-2 - Teacher 22 is already teaching another subject in slot 7 on monday.
2025-01-30 20:34:22,524 - WARNING - SpawnProcess-2 - Teacher 22 is already teaching another subject in slot 8 on monday.
2025-01-30 20:34:22,525 - WARNING - SpawnProcess-2 - Teacher 22 is already teaching another subject in slot 3 on wednesday.
2025-01-30 20:34:22,526 - WARNING - SpawnProcess-2 - Some students are already assigned to another class in slot 1 on monday.
2025-01-30 20:34:22,527 - WARNING - SpawnProcess-2 - Teacher 22 is already teaching another subject in slot 7 on monday.
2025-01-30 20:34:22,527 - WARNING - SpawnProcess-2 - Teacher 22 is already teaching another subject in slot 8 on monday.
2025-01-30 20:34:22,528 - WARNING - SpawnProcess-2 - Teacher 22 is already teaching another subject in slot 4 on wednesday.
2025-01-30 20:34:22,529 - WARNING - SpawnProcess-2 - Some students are already assigned to another class in slot 1 on monday.
2025-01-30 20:34:22,530 - WARNING - SpawnProcess-2 - Teacher 22 is already teaching another subject in slot 7 on monday.
2025-01-30 20:34:22,530 - WARNING - SpawnProcess-2 - Teacher 22 is already teaching another subject in slot 8 on monday.
2025-01-30 20:34:22,531 - WARNING - SpawnProcess-2 - Teacher 22 is already teaching another subject in slot 5 on wednesday.
2025-01-30 20:34:22,532 - WARNING - SpawnProcess-2 - Some students are already assigned to another class in slot 1 on monday.
2025-01-30 20:34:22,532 - WARNING - SpawnProcess-2 - Teacher 22 is already teaching another subject in slot 7 on monday.
2025-01-30 20:34:22,532 - WARNING - SpawnProcess-2 - Teacher 22 is already teaching another subject in slot 8 on monday.
2025-01-30 20:34:22,533 - WARNING - SpawnProcess-2 - Teacher 22 is already teaching another subject in slot 6 on wednesday.
2025-01-30 20:34:22,534 - WARNING - SpawnProcess-2 - Some students are already assigned to another class in slot 1 on monday.
2025-01-30 20:34:22,535 - WARNING - SpawnProcess-2 - Teacher 22 is already teaching another subject in slot 7 on monday.
2025-01-30 20:34:22,535 - WARNING - SpawnProcess-2 - Teacher 22 is already teaching another subject in slot 8 on monday.
2025-01-30 20:34:22,536 - WARNING - SpawnProcess-2 - Teacher 22 is already teaching another subject in slot 7 on wednesday.
2025-01-30 20:34:22,537 - WARNING - SpawnProcess-2 - Some students are already assigned to another class in slot 1 on monday.
2025-01-30 20:34:22,537 - WARNING - SpawnProcess-2 - Teacher 22 is already teaching another subject in slot 7 on monday.
2025-01-30 20:34:22,537 - WARNING - SpawnProcess-2 - Teacher 22 is already teaching another subject in slot 8 on monday.
2025-01-30 20:34:22,538 - WARNING - SpawnProcess-2 - Teacher 22 is already teaching another subject in slot 8 on wednesday.
2025-01-30 20:34:22,539 - WARNING - SpawnProcess-2 - Some students are already assigned to another class in slot 1 on monday.
2025-01-30 20:34:22,540 - WARNING - SpawnProcess-2 - Teacher 22 is already teaching another subject in slot 7 on monday.
2025-01-30 20:34:22,540 - WARNING - SpawnProcess-2 - Teacher 22 is already teaching another subject in slot 8 on monday.
2025-01-30 20:34:22,541 - WARNING - SpawnProcess-2 - Teacher 22 is already teaching another subject in slot 9 on wednesday.
2025-01-30 20:34:22,542 - WARNING - SpawnProcess-2 - Some students are already assigned to another class in slot 1 on monday.
2025-01-30 20:34:22,542 - WARNING - SpawnProcess-2 - Teacher 22 is already teaching another subject in slot 7 on monday.
2025-01-30 20:34:22,542 - WARNING - SpawnProcess-2 - Teacher 22 is already teaching another subject in slot 8 on monday.
2025-01-30 20:34:22,544 - WARNING - SpawnProcess-2 - Teacher 22 is already teaching another subject in slot 10 on wednesday.
2025-01-30 20:34:22,545 - WARNING - SpawnProcess-2 - Some students are already assigned to another class in slot 1 on monday.
2025-01-30 20:34:22,546 - WARNING - SpawnProcess-2 - Teacher 22 is already teaching another subject in slot 7 on monday.
2025-01-30 20:34:22,546 - WARNING - SpawnProcess-2 - Teacher 22 is already teaching another subject in slot 8 on monday.
2025-01-30 20:34:22,548 - WARNING - SpawnProcess-2 - Teacher 22 is already teaching another subject in slot 1 on thursday.
2025-01-30 20:34:22,549 - WARNING - SpawnProcess-2 - Some students are already assigned to another class in slot 1 on monday.
2025-01-30 20:34:22,550 - WARNING - SpawnProcess-2 - Teacher 22 is already teaching another subject in slot 7 on monday.
2025-01-30 20:34:22,550 - WARNING - SpawnProcess-2 - Teacher 22 is already teaching another subject in slot 8 on monday.
2025-01-30 20:34:22,553 - WARNING - SpawnProcess-2 - Teacher 22 is already teaching another subject in slot 2 on thursday.
2025-01-30 20:34:22,554 - WARNING - SpawnProcess-2 - Some students are already assigned to another class in slot 1 on monday.
2025-01-30 20:34:22,555 - WARNING - SpawnProcess-2 - Teacher 22 is already teaching another subject in slot 7 on monday.
2025-01-30 20:34:22,555 - WARNING - SpawnProcess-2 - Teacher 22 is already teaching another subject in slot 8 on monday.
2025-01-30 20:34:22,557 - WARNING - SpawnProcess-2 - Teacher 22 is already teaching another subject in slot 3 on thursday.
2025-01-30 20:34:22,558 - WARNING - SpawnProcess-2 - Some students are already assigned to another class in slot 1 on monday.
2025-01-30 20:34:22,559 - WARNING - SpawnProcess-2 - Teacher 22 is already teaching another subject in slot 7 on monday.
2025-01-30 20:34:22,559 - WARNING - SpawnProcess-2 - Teacher 22 is already teaching another subject in slot 8 on monday.
2025-01-30 20:34:22,561 - WARNING - SpawnProcess-2 - Teacher 22 is already teaching another subject in slot 4 on thursday.
2025-01-30 20:34:22,561 - WARNING - SpawnProcess-2 - Some students are already assigned to another class in slot 1 on monday.
2025-01-30 20:34:22,562 - WARNING - SpawnProcess-2 - Teacher 22 is already teaching another subject in slot 7 on monday.
2025-01-30 20:34:22,562 - WARNING - SpawnProcess-2 - Teacher 22 is already teaching another subject in slot 8 on monday.
2025-01-30 20:34:22,563 - WARNING - SpawnProcess-2 - Teacher 22 is already teaching another subject in slot 5 on thursday.
2025-01-30 20:34:22,564 - WARNING - SpawnProcess-2 - Some students are already assigned to another class in slot 1 on monday.
2025-01-30 20:34:22,564 - WARNING - SpawnProcess-2 - Teacher 22 is already teaching another subject in slot 7 on monday.
2025-01-30 20:34:22,564 - WARNING - SpawnProcess-2 - Teacher 22 is already teaching another subject in slot 8 on monday.
2025-01-30 20:34:22,566 - WARNING - SpawnProcess-2 - Teacher 22 is already teaching another subject in slot 6 on thursday.
2025-01-30 20:34:22,566 - WARNING - SpawnProcess-2 - Some students are already assigned to another class in slot 1 on monday.
2025-01-30 20:34:22,567 - WARNING - SpawnProcess-2 - Teacher 22 is already teaching another subject in slot 7 on monday.
2025-01-30 20:34:22,567 - WARNING - SpawnProcess-2 - Teacher 22 is already teaching another subject in slot 8 on monday.
2025-01-30 20:34:22,569 - WARNING - SpawnProcess-2 - Teacher 22 is already teaching another subject in slot 7 on thursday.
2025-01-30 20:34:22,569 - WARNING - SpawnProcess-2 - Some students are already assigned to another class in slot 1 on monday.
2025-01-30 20:34:22,569 - WARNING - SpawnProcess-2 - Teacher 22 is already teaching another subject in slot 7 on monday.
2025-01-30 20:34:22,569 - WARNING - SpawnProcess-2 - Teacher 22 is already teaching another subject in slot 8 on monday.
2025-01-30 20:34:22,571 - WARNING - SpawnProcess-2 - Teacher 22 is already teaching another subject in slot 8 on thursday.
2025-01-30 20:34:22,571 - WARNING - SpawnProcess-2 - Some students are already assigned to another class in slot 1 on monday.
2025-01-30 20:34:22,572 - WARNING - SpawnProcess-2 - Teacher 22 is already teaching another subject in slot 7 on monday.
2025-01-30 20:34:22,572 - WARNING - SpawnProcess-2 - Teacher 22 is already teaching another subject in slot 8 on monday.
2025-01-30 20:34:22,574 - WARNING - SpawnProcess-2 - Teacher 22 is already teaching another subject in slot 9 on thursday.
2025-01-30 20:34:22,574 - WARNING - SpawnProcess-2 - Some students are already assigned to another class in slot 1 on monday.
2025-01-30 20:34:22,574 - WARNING - SpawnProcess-2 - Teacher 22 is already teaching another subject in slot 7 on monday.
2025-01-30 20:34:22,574 - WARNING - SpawnProcess-2 - Teacher 22 is already teaching another subject in slot 8 on monday.
2025-01-30 20:34:22,578 - WARNING - SpawnProcess-2 - Teacher 22 is already teaching another subject in slot 10 on thursday.
2025-01-30 20:34:22,578 - WARNING - SpawnProcess-2 - Some students are already assigned to another class in slot 1 on monday.
2025-01-30 20:34:22,578 - WARNING - SpawnProcess-2 - Some students are already assigned to another class in slot 1 on monday.
2025-01-30 20:34:22,578 - WARNING - SpawnProcess-2 - Teacher 22 is already teaching another subject in slot 2 on monday.
2025-01-30 20:34:22,578 - WARNING - SpawnProcess-2 - Teacher 22 is already teaching another subject in slot 7 on monday.
2025-01-30 20:34:22,578 - WARNING - SpawnProcess-2 - Teacher 22 is already teaching another subject in slot 9 on monday.
2025-01-30 20:34:22,580 - WARNING - SpawnProcess-2 - Some students are already assigned to another class in slot 1 on monday.
2025-01-30 20:34:22,580 - WARNING - SpawnProcess-2 - Teacher 22 is already teaching another subject in slot 3 on monday.
2025-01-30 20:34:22,581 - WARNING - SpawnProcess-2 - Teacher 22 is already teaching another subject in slot 7 on monday.
2025-01-30 20:34:22,581 - WARNING - SpawnProcess-2 - Teacher 22 is already teaching another subject in slot 9 on monday.
2025-01-30 20:34:22,583 - WARNING - SpawnProcess-2 - Some students are already assigned to another class in slot 1 on monday.
2025-01-30 20:34:22,583 - WARNING - SpawnProcess-2 - Teacher 22 is already teaching another subject in slot 4 on monday.
2025-01-30 20:34:22,583 - WARNING - SpawnProcess-2 - Teacher 22 is already teaching another subject in slot 7 on monday.
2025-01-30 20:34:22,583 - WARNING - SpawnProcess-2 - Teacher 22 is already teaching another subject in slot 9 on monday.
2025-01-30 20:34:22,585 - WARNING - SpawnProcess-2 - Some students are already assigned to another class in slot 1 on monday.
2025-01-30 20:34:22,586 - WARNING - SpawnProcess-2 - Teacher 22 is already teaching another subject in slot 5 on monday.
2025-01-30 20:34:22,586 - WARNING - SpawnProcess-2 - Teacher 22 is already teaching another subject in slot 7 on monday.
2025-01-30 20:34:22,586 - WARNING - SpawnProcess-2 - Teacher 22 is already teaching another subject in slot 9 on monday.
2025-01-30 20:34:22,588 - WARNING - SpawnProcess-2 - Some students are already assigned to another class in slot 1 on monday.
2025-01-30 20:34:22,588 - WARNING - SpawnProcess-2 - Teacher 22 is already teaching another subject in slot 6 on monday.
2025-01-30 20:34:22,588 - WARNING - SpawnProcess-2 - Teacher 22 is already teaching another subject in slot 7 on monday.
2025-01-30 20:34:22,589 - WARNING - SpawnProcess-2 - Teacher 22 is already teaching another subject in slot 9 on monday.
2025-01-30 20:34:22,591 - WARNING - SpawnProcess-2 - Teacher 22 is already teaching another subject in slot 7 on monday.
2025-01-30 20:34:22,591 - WARNING - SpawnProcess-2 - Some students are already assigned to another class in slot 1 on monday.
2025-01-30 20:34:22,592 - WARNING - SpawnProcess-2 - Teacher 22 is already teaching another subject in slot 7 on monday.
2025-01-30 20:34:22,592 - WARNING - SpawnProcess-2 - Teacher 22 is already teaching another subject in slot 8 on monday.
2025-01-30 20:34:22,592 - WARNING - SpawnProcess-2 - Teacher 22 is already teaching another subject in slot 9 on monday.
2025-01-30 20:34:22,594 - WARNING - SpawnProcess-2 - Teacher 22 is already teaching another subject in slot 9 on monday.
2025-01-30 20:34:22,594 - WARNING - SpawnProcess-2 - Some students are already assigned to another class in slot 1 on monday.
2025-01-30 20:34:22,594 - WARNING - SpawnProcess-2 - Teacher 22 is already teaching another subject in slot 7 on monday.
2025-01-30 20:34:22,594 - WARNING - SpawnProcess-2 - Teacher 22 is already teaching another subject in slot 9 on monday.
2025-01-30 20:34:22,594 - WARNING - SpawnProcess-2 - Teacher 22 is already teaching another subject in slot 10 on monday.
2025-01-30 20:34:22,597 - WARNING - SpawnProcess-2 - Some students are already assigned to another class in slot 1 on monday.
2025-01-30 20:34:22,597 - WARNING - SpawnProcess-2 - Teacher 22 is already teaching another subject in slot 7 on monday.
2025-01-30 20:34:22,597 - WARNING - SpawnProcess-2 - Teacher 22 is already teaching another subject in slot 9 on monday.
2025-01-30 20:34:22,598 - WARNING - SpawnProcess-2 - Teacher 22 is already teaching another subject in slot 1 on tuesday.
2025-01-30 20:34:22,599 - WARNING - SpawnProcess-2 - Some students are already assigned to another class in slot 1 on monday.
2025-01-30 20:34:22,600 - WARNING - SpawnProcess-2 - Teacher 22 is already teaching another subject in slot 7 on monday.
2025-01-30 20:34:22,600 - WARNING - SpawnProcess-2 - Teacher 22 is already teaching another subject in slot 9 on monday.
2025-01-30 20:34:22,600 - WARNING - SpawnProcess-2 - Teacher 22 is already teaching another subject in slot 2 on tuesday.
2025-01-30 20:34:22,602 - WARNING - SpawnProcess-2 - Some students are already assigned to another class in slot 1 on monday.
2025-01-30 20:34:22,603 - WARNING - SpawnProcess-2 - Teacher 22 is already teaching another subject in slot 7 on monday.
2025-01-30 20:34:22,603 - WARNING - SpawnProcess-2 - Teacher 22 is already teaching another subject in slot 9 on monday.
2025-01-30 20:34:22,603 - WARNING - SpawnProcess-2 - Teacher 22 is already teaching another subject in slot 3 on tuesday.
2025-01-30 20:34:22,605 - WARNING - SpawnProcess-2 - Some students are already assigned to another class in slot 1 on monday.
2025-01-30 20:34:22,605 - WARNING - SpawnProcess-2 - Teacher 22 is already teaching another subject in slot 7 on monday.
2025-01-30 20:34:22,605 - WARNING - SpawnProcess-2 - Teacher 22 is already teaching another subject in slot 9 on monday.
2025-01-30 20:34:22,605 - WARNING - SpawnProcess-2 - Teacher 22 is already teaching another subject in slot 4 on tuesday.
2025-01-30 20:34:22,607 - WARNING - SpawnProcess-2 - Some students are already assigned to another class in slot 1 on monday.
2025-01-30 20:34:22,608 - WARNING - SpawnProcess-2 - Teacher 22 is already teaching another subject in slot 7 on monday.
2025-01-30 20:34:22,608 - WARNING - SpawnProcess-2 - Teacher 22 is already teaching another subject in slot 9 on monday.
2025-01-30 20:34:22,608 - WARNING - SpawnProcess-2 - Teacher 22 is already teaching another subject in slot 5 on tuesday.
2025-01-30 20:34:22,610 - WARNING - SpawnProcess-2 - Some students are already assigned to another class in slot 1 on monday.
2025-01-30 20:34:22,610 - WARNING - SpawnProcess-2 - Teacher 22 is already teaching another subject in slot 7 on monday.
2025-01-30 20:34:22,611 - WARNING - SpawnProcess-2 - Teacher 22 is already teaching another subject in slot 9 on monday.
2025-01-30 20:34:22,611 - WARNING - SpawnProcess-2 - Teacher 22 is already teaching another subject in slot 6 on tuesday.
2025-01-30 20:34:22,613 - WARNING - SpawnProcess-2 - Some students are already assigned to another class in slot 1 on monday.
2025-01-30 20:34:22,613 - WARNING - SpawnProcess-2 - Teacher 22 is already teaching another subject in slot 7 on monday.
2025-01-30 20:34:22,613 - WARNING - SpawnProcess-2 - Teacher 22 is already teaching another subject in slot 9 on monday.
2025-01-30 20:34:22,614 - WARNING - SpawnProcess-2 - Teacher 22 is already teaching another subject in slot 7 on tuesday.
2025-01-30 20:34:22,615 - WARNING - SpawnProcess-2 - Some students are already assigned to another class in slot 1 on monday.
2025-01-30 20:34:22,616 - WARNING - SpawnProcess-2 - Teacher 22 is already teaching another subject in slot 7 on monday.
2025-01-30 20:34:22,616 - WARNING - SpawnProcess-2 - Teacher 22 is already teaching another subject in slot 9 on monday.
2025-01-30 20:34:22,616 - WARNING - SpawnProcess-2 - Teacher 22 is already teaching another subject in slot 8 on tuesday.
2025-01-30 20:34:22,618 - WARNING - SpawnProcess-2 - Some students are already assigned to another class in slot 1 on monday.
2025-01-30 20:34:22,618 - WARNING - SpawnProcess-2 - Teacher 22 is already teaching another subject in slot 7 on monday.
2025-01-30 20:34:22,618 - WARNING - SpawnProcess-2 - Teacher 22 is already teaching another subject in slot 9 on monday.
2025-01-30 20:34:22,619 - WARNING - SpawnProcess-2 - Teacher 22 is already teaching another subject in slot 9 on tuesday.
2025-01-30 20:34:22,620 - WARNING - SpawnProcess-2 - Some students are already assigned to another class in slot 1 on monday.
2025-01-30 20:34:22,621 - WARNING - SpawnProcess-2 - Teacher 22 is already teaching another subject in slot 7 on monday.
2025-01-30 20:34:22,621 - WARNING - SpawnProcess-2 - Teacher 22 is already teaching another subject in slot 9 on monday.
2025-01-30 20:34:22,622 - WARNING - SpawnProcess-2 - Teacher 22 is already teaching another subject in slot 10 on tuesday.
2025-01-30 20:34:22,625 - WARNING - SpawnProcess-2 - Some students are already assigned to another class in slot 1 on monday.
2025-01-30 20:34:22,625 - WARNING - SpawnProcess-2 - Teacher 22 is already teaching another subject in slot 7 on monday.
2025-01-30 20:34:22,626 - WARNING - SpawnProcess-2 - Teacher 22 is already teaching another subject in slot 9 on monday.
2025-01-30 20:34:22,627 - WARNING - SpawnProcess-2 - Teacher 22 is already teaching another subject in slot 1 on wednesday.
2025-01-30 20:34:22,629 - WARNING - SpawnProcess-2 - Some students are already assigned to another class in slot 1 on monday.
2025-01-30 20:34:22,630 - WARNING - SpawnProcess-2 - Teacher 22 is already teaching another subject in slot 7 on monday.
2025-01-30 20:34:22,630 - WARNING - SpawnProcess-2 - Teacher 22 is already teaching another subject in slot 9 on monday.
2025-01-30 20:34:22,632 - WARNING - SpawnProcess-2 - Teacher 22 is already teaching another subject in slot 2 on wednesday.
2025-01-30 20:34:22,634 - WARNING - SpawnProcess-2 - Some students are already assigned to another class in slot 1 on monday.
2025-01-30 20:34:22,635 - WARNING - SpawnProcess-2 - Teacher 22 is already teaching another subject in slot 7 on monday.
2025-01-30 20:34:22,635 - WARNING - SpawnProcess-2 - Teacher 22 is already teaching another subject in slot 9 on monday.
2025-01-30 20:34:22,636 - WARNING - SpawnProcess-2 - Teacher 22 is already teaching another subject in slot 3 on wednesday.
2025-01-30 20:34:22,638 - WARNING - SpawnProcess-2 - Some students are already assigned to another class in slot 1 on monday.
2025-01-30 20:34:22,639 - WARNING - SpawnProcess-2 - Teacher 22 is already teaching another subject in slot 7 on monday.
2025-01-30 20:34:22,639 - WARNING - SpawnProcess-2 - Teacher 22 is already teaching another subject in slot 9 on monday.
2025-01-30 20:34:22,640 - WARNING - SpawnProcess-2 - Teacher 22 is already teaching another subject in slot 4 on wednesday.
2025-01-30 20:34:22,641 - WARNING - SpawnProcess-2 - Some students are already assigned to another class in slot 1 on monday.
2025-01-30 20:34:22,641 - WARNING - SpawnProcess-2 - Teacher 22 is already teaching another subject in slot 7 on monday.
2025-01-30 20:34:22,642 - WARNING - SpawnProcess-2 - Teacher 22 is already teaching another subject in slot 9 on monday.
2025-01-30 20:34:22,643 - WARNING - SpawnProcess-2 - Teacher 22 is already teaching another subject in slot 5 on wednesday.
2025-01-30 20:34:22,644 - WARNING - SpawnProcess-2 - Some students are already assigned to another class in slot 1 on monday.
2025-01-30 20:34:22,644 - WARNING - SpawnProcess-2 - Teacher 22 is already teaching another subject in slot 7 on monday.
2025-01-30 20:34:22,644 - WARNING - SpawnProcess-2 - Teacher 22 is already teaching another subject in slot 9 on monday.
2025-01-30 20:34:22,645 - WARNING - SpawnProcess-2 - Teacher 22 is already teaching another subject in slot 6 on wednesday.
2025-01-30 20:34:22,646 - WARNING - SpawnProcess-2 - Some students are already assigned to another class in slot 1 on monday.
2025-01-30 20:34:22,647 - WARNING - SpawnProcess-2 - Teacher 22 is already teaching another subject in slot 7 on monday.
2025-01-30 20:34:22,647 - WARNING - SpawnProcess-2 - Teacher 22 is already teaching another subject in slot 9 on monday.
2025-01-30 20:34:22,648 - WARNING - SpawnProcess-2 - Teacher 22 is already teaching another subject in slot 7 on wednesday.
2025-01-30 20:34:22,649 - WARNING - SpawnProcess-2 - Some students are already assigned to another class in slot 1 on monday.
2025-01-30 20:34:22,649 - WARNING - SpawnProcess-2 - Teacher 22 is already teaching another subject in slot 7 on monday.
2025-01-30 20:34:22,649 - WARNING - SpawnProcess-2 - Teacher 22 is already teaching another subject in slot 9 on monday.
2025-01-30 20:34:22,650 - WARNING - SpawnProcess-2 - Teacher 22 is already teaching another subject in slot 8 on wednesday.
2025-01-30 20:34:22,651 - WARNING - SpawnProcess-2 - Some students are already assigned to another class in slot 1 on monday.
2025-01-30 20:34:22,651 - WARNING - SpawnProcess-2 - Teacher 22 is already teaching another subject in slot 7 on monday.
2025-01-30 20:34:22,651 - WARNING - SpawnProcess-2 - Teacher 22 is already teaching another subject in slot 9 on monday.
2025-01-30 20:34:22,653 - WARNING - SpawnProcess-2 - Teacher 22 is already teaching another subject in slot 9 on wednesday.
2025-01-30 20:34:22,654 - WARNING - SpawnProcess-2 - Some students are already assigned to another class in slot 1 on monday.
2025-01-30 20:34:22,654 - WARNING - SpawnProcess-2 - Teacher 22 is already teaching another subject in slot 7 on monday.
2025-01-30 20:34:22,654 - WARNING - SpawnProcess-2 - Teacher 22 is already teaching another subject in slot 9 on monday.
2025-01-30 20:34:22,656 - WARNING - SpawnProcess-2 - Teacher 22 is already teaching another subject in slot 10 on wednesday.
2025-01-30 20:34:22,657 - WARNING - SpawnProcess-2 - Some students are already assigned to another class in slot 1 on monday.
2025-01-30 20:34:22,657 - WARNING - SpawnProcess-2 - Teacher 22 is already teaching another subject in slot 7 on monday.
2025-01-30 20:34:22,657 - WARNING - SpawnProcess-2 - Teacher 22 is already teaching another subject in slot 9 on monday.
2025-01-30 20:34:22,659 - WARNING - SpawnProcess-2 - Teacher 22 is already teaching another subject in slot 1 on thursday.
2025-01-30 20:34:22,659 - WARNING - SpawnProcess-2 - Some students are already assigned to another class in slot 1 on monday.
2025-01-30 20:34:22,660 - WARNING - SpawnProcess-2 - Teacher 22 is already teaching another subject in slot 7 on monday.
2025-01-30 20:34:22,660 - WARNING - SpawnProcess-2 - Teacher 22 is already teaching another subject in slot 9 on monday.
2025-01-30 20:34:22,661 - WARNING - SpawnProcess-2 - Teacher 22 is already teaching another subject in slot 2 on thursday.
2025-01-30 20:34:22,661 - WARNING - SpawnProcess-2 - Some students are already assigned to another class in slot 1 on monday.
2025-01-30 20:34:22,662 - WARNING - SpawnProcess-2 - Teacher 22 is already teaching another subject in slot 7 on monday.
2025-01-30 20:34:22,662 - WARNING - SpawnProcess-2 - Teacher 22 is already teaching another subject in slot 9 on monday.
2025-01-30 20:34:22,663 - WARNING - SpawnProcess-2 - Teacher 22 is already teaching another subject in slot 3 on thursday.
2025-01-30 20:34:22,664 - WARNING - SpawnProcess-2 - Some students are already assigned to another class in slot 1 on monday.
2025-01-30 20:34:22,664 - WARNING - SpawnProcess-2 - Teacher 22 is already teaching another subject in slot 7 on monday.
2025-01-30 20:34:22,664 - WARNING - SpawnProcess-2 - Teacher 22 is already teaching another subject in slot 9 on monday.
2025-01-30 20:34:22,666 - WARNING - SpawnProcess-2 - Teacher 22 is already teaching another subject in slot 4 on thursday.
2025-01-30 20:34:22,666 - WARNING - SpawnProcess-2 - Some students are already assigned to another class in slot 1 on monday.
2025-01-30 20:34:22,667 - WARNING - SpawnProcess-2 - Teacher 22 is already teaching another subject in slot 7 on monday.
2025-01-30 20:34:22,667 - WARNING - SpawnProcess-2 - Teacher 22 is already teaching another subject in slot 9 on monday.
2025-01-30 20:34:22,668 - WARNING - SpawnProcess-2 - Teacher 22 is already teaching another subject in slot 5 on thursday.
2025-01-30 20:34:22,669 - WARNING - SpawnProcess-2 - Some students are already assigned to another class in slot 1 on monday.
2025-01-30 20:34:22,669 - WARNING - SpawnProcess-2 - Teacher 22 is already teaching another subject in slot 7 on monday.
2025-01-30 20:34:22,669 - WARNING - SpawnProcess-2 - Teacher 22 is already teaching another subject in slot 9 on monday.
2025-01-30 20:34:22,672 - WARNING - SpawnProcess-2 - Teacher 22 is already teaching another subject in slot 6 on thursday.
2025-01-30 20:34:22,672 - WARNING - SpawnProcess-2 - Some students are already assigned to another class in slot 1 on monday.
2025-01-30 20:34:22,673 - WARNING - SpawnProcess-2 - Teacher 22 is already teaching another subject in slot 7 on monday.
2025-01-30 20:34:22,673 - WARNING - SpawnProcess-2 - Teacher 22 is already teaching another subject in slot 9 on monday.
2025-01-30 20:34:22,675 - WARNING - SpawnProcess-2 - Teacher 22 is already teaching another subject in slot 7 on thursday.
2025-01-30 20:34:22,675 - WARNING - SpawnProcess-2 - Some students are already assigned to another class in slot 1 on monday.
2025-01-30 20:34:22,675 - WARNING - SpawnProcess-2 - Teacher 22 is already teaching another subject in slot 7 on monday.
2025-01-30 20:34:22,675 - WARNING - SpawnProcess-2 - Teacher 22 is already teaching another subject in slot 9 on monday.
2025-01-30 20:34:22,677 - WARNING - SpawnProcess-2 - Teacher 22 is already teaching another subject in slot 8 on thursday.
2025-01-30 20:34:22,677 - WARNING - SpawnProcess-2 - Some students are already assigned to another class in slot 1 on monday.
2025-01-30 20:34:22,678 - WARNING - SpawnProcess-2 - Teacher 22 is already teaching another subject in slot 7 on monday.
2025-01-30 20:34:22,678 - WARNING - SpawnProcess-2 - Teacher 22 is already teaching another subject in slot 9 on monday.
2025-01-30 20:34:22,680 - WARNING - SpawnProcess-2 - Teacher 22 is already teaching another subject in slot 9 on thursday.
2025-01-30 20:34:22,680 - WARNING - SpawnProcess-2 - Some students are already assigned to another class in slot 1 on monday.
2025-01-30 20:34:22,680 - WARNING - SpawnProcess-2 - Teacher 22 is already teaching another subject in slot 7 on monday.
2025-01-30 20:34:22,680 - WARNING - SpawnProcess-2 - Teacher 22 is already teaching another subject in slot 9 on monday.
2025-01-30 20:34:22,682 - WARNING - SpawnProcess-2 - Teacher 22 is already teaching another subject in slot 10 on thursday.
2025-01-30 20:34:22,682 - WARNING - SpawnProcess-2 - Some students are already assigned to another class in slot 1 on monday.
2025-01-30 20:34:22,682 - WARNING - SpawnProcess-2 - Some students are already assigned to another class in slot 1 on monday.
2025-01-30 20:34:22,682 - WARNING - SpawnProcess-2 - Teacher 22 is already teaching another subject in slot 2 on monday.
2025-01-30 20:34:22,683 - WARNING - SpawnProcess-2 - Teacher 22 is already teaching another subject in slot 7 on monday.
2025-01-30 20:34:22,683 - WARNING - SpawnProcess-2 - Teacher 22 is already teaching another subject in slot 10 on monday.
2025-01-30 20:34:22,685 - WARNING - SpawnProcess-2 - Some students are already assigned to another class in slot 1 on monday.
2025-01-30 20:34:22,685 - WARNING - SpawnProcess-2 - Teacher 22 is already teaching another subject in slot 3 on monday.
2025-01-30 20:34:22,686 - WARNING - SpawnProcess-2 - Teacher 22 is already teaching another subject in slot 7 on monday.
2025-01-30 20:34:22,687 - WARNING - SpawnProcess-2 - Teacher 22 is already teaching another subject in slot 10 on monday.
2025-01-30 20:34:22,690 - WARNING - SpawnProcess-2 - Some students are already assigned to another class in slot 1 on monday.
2025-01-30 20:34:22,690 - WARNING - SpawnProcess-2 - Teacher 22 is already teaching another subject in slot 4 on monday.
2025-01-30 20:34:22,691 - WARNING - SpawnProcess-2 - Teacher 22 is already teaching another subject in slot 7 on monday.
2025-01-30 20:34:22,691 - WARNING - SpawnProcess-2 - Teacher 22 is already teaching another subject in slot 10 on monday.
2025-01-30 20:34:22,695 - WARNING - SpawnProcess-2 - Some students are already assigned to another class in slot 1 on monday.
2025-01-30 20:34:22,695 - WARNING - SpawnProcess-2 - Teacher 22 is already teaching another subject in slot 5 on monday.
2025-01-30 20:34:22,695 - WARNING - SpawnProcess-2 - Teacher 22 is already teaching another subject in slot 7 on monday.
2025-01-30 20:34:22,696 - WARNING - SpawnProcess-2 - Teacher 22 is already teaching another subject in slot 10 on monday.
2025-01-30 20:34:22,700 - WARNING - SpawnProcess-2 - Some students are already assigned to another class in slot 1 on monday.
2025-01-30 20:34:22,700 - WARNING - SpawnProcess-2 - Teacher 22 is already teaching another subject in slot 6 on monday.
2025-01-30 20:34:22,700 - WARNING - SpawnProcess-2 - Teacher 22 is already teaching another subject in slot 7 on monday.
2025-01-30 20:34:22,700 - WARNING - SpawnProcess-2 - Teacher 22 is already teaching another subject in slot 10 on monday.
2025-01-30 20:34:22,705 - WARNING - SpawnProcess-2 - Teacher 22 is already teaching another subject in slot 7 on monday.
2025-01-30 20:34:22,705 - WARNING - SpawnProcess-2 - Some students are already assigned to another class in slot 1 on monday.
2025-01-30 20:34:22,706 - WARNING - SpawnProcess-2 - Teacher 22 is already teaching another subject in slot 7 on monday.
2025-01-30 20:34:22,706 - WARNING - SpawnProcess-2 - Teacher 22 is already teaching another subject in slot 8 on monday.
2025-01-30 20:34:22,706 - WARNING - SpawnProcess-2 - Teacher 22 is already teaching another subject in slot 10 on monday.
2025-01-30 20:34:22,710 - WARNING - SpawnProcess-2 - Some students are already assigned to another class in slot 1 on monday.
2025-01-30 20:34:22,710 - WARNING - SpawnProcess-2 - Teacher 22 is already teaching another subject in slot 7 on monday.
2025-01-30 20:34:22,710 - WARNING - SpawnProcess-2 - Teacher 22 is already teaching another subject in slot 9 on monday.
2025-01-30 20:34:22,711 - WARNING - SpawnProcess-2 - Teacher 22 is already teaching another subject in slot 10 on monday.
2025-01-30 20:34:22,714 - WARNING - SpawnProcess-2 - Teacher 22 is already teaching another subject in slot 10 on monday.
2025-01-30 20:34:22,714 - WARNING - SpawnProcess-2 - Some students are already assigned to another class in slot 1 on monday.
2025-01-30 20:34:22,715 - WARNING - SpawnProcess-2 - Teacher 22 is already teaching another subject in slot 7 on monday.
2025-01-30 20:34:22,715 - WARNING - SpawnProcess-2 - Teacher 22 is already teaching another subject in slot 10 on monday.
2025-01-30 20:34:22,715 - WARNING - SpawnProcess-2 - Teacher 22 is already teaching another subject in slot 1 on tuesday.
2025-01-30 20:34:22,718 - WARNING - SpawnProcess-2 - Some students are already assigned to another class in slot 1 on monday.
2025-01-30 20:34:22,719 - WARNING - SpawnProcess-2 - Teacher 22 is already teaching another subject in slot 7 on monday.
2025-01-30 20:34:22,719 - WARNING - SpawnProcess-2 - Teacher 22 is already teaching another subject in slot 10 on monday.
2025-01-30 20:34:22,719 - WARNING - SpawnProcess-2 - Teacher 22 is already teaching another subject in slot 2 on tuesday.
2025-01-30 20:34:22,721 - WARNING - SpawnProcess-2 - Some students are already assigned to another class in slot 1 on monday.
2025-01-30 20:34:22,721 - WARNING - SpawnProcess-2 - Teacher 22 is already teaching another subject in slot 7 on monday.
2025-01-30 20:34:22,721 - WARNING - SpawnProcess-2 - Teacher 22 is already teaching another subject in slot 10 on monday.
2025-01-30 20:34:22,722 - WARNING - SpawnProcess-2 - Teacher 22 is already teaching another subject in slot 3 on tuesday.
2025-01-30 20:34:22,723 - WARNING - SpawnProcess-2 - Some students are already assigned to another class in slot 1 on monday.
2025-01-30 20:34:22,724 - WARNING - SpawnProcess-2 - Teacher 22 is already teaching another subject in slot 7 on monday.
2025-01-30 20:34:22,724 - WARNING - SpawnProcess-2 - Teacher 22 is already teaching another subject in slot 10 on monday.
2025-01-30 20:34:22,724 - WARNING - SpawnProcess-2 - Teacher 22 is already teaching another subject in slot 4 on tuesday.
2025-01-30 20:34:22,726 - WARNING - SpawnProcess-2 - Some students are already assigned to another class in slot 1 on monday.
2025-01-30 20:34:22,726 - WARNING - SpawnProcess-2 - Teacher 22 is already teaching another subject in slot 7 on monday.
2025-01-30 20:34:22,727 - WARNING - SpawnProcess-2 - Teacher 22 is already teaching another subject in slot 10 on monday.
2025-01-30 20:34:22,727 - WARNING - SpawnProcess-2 - Teacher 22 is already teaching another subject in slot 5 on tuesday.
2025-01-30 20:34:22,729 - WARNING - SpawnProcess-2 - Some students are already assigned to another class in slot 1 on monday.
2025-01-30 20:34:22,729 - WARNING - SpawnProcess-2 - Teacher 22 is already teaching another subject in slot 7 on monday.
2025-01-30 20:34:22,729 - WARNING - SpawnProcess-2 - Teacher 22 is already teaching another subject in slot 10 on monday.
2025-01-30 20:34:22,730 - WARNING - SpawnProcess-2 - Teacher 22 is already teaching another subject in slot 6 on tuesday.
2025-01-30 20:34:22,731 - WARNING - SpawnProcess-2 - Some students are already assigned to another class in slot 1 on monday.
2025-01-30 20:34:22,732 - WARNING - SpawnProcess-2 - Teacher 22 is already teaching another subject in slot 7 on monday.
2025-01-30 20:34:22,732 - WARNING - SpawnProcess-2 - Teacher 22 is already teaching another subject in slot 10 on monday.
2025-01-30 20:34:22,732 - WARNING - SpawnProcess-2 - Teacher 22 is already teaching another subject in slot 7 on tuesday.
2025-01-30 20:34:22,734 - WARNING - SpawnProcess-2 - Some students are already assigned to another class in slot 1 on monday.
2025-01-30 20:34:22,734 - WARNING - SpawnProcess-2 - Teacher 22 is already teaching another subject in slot 7 on monday.
2025-01-30 20:34:22,734 - WARNING - SpawnProcess-2 - Teacher 22 is already teaching another subject in slot 10 on monday.
2025-01-30 20:34:22,735 - WARNING - SpawnProcess-2 - Teacher 22 is already teaching another subject in slot 8 on tuesday.
2025-01-30 20:34:22,737 - WARNING - SpawnProcess-2 - Some students are already assigned to another class in slot 1 on monday.
2025-01-30 20:34:22,738 - WARNING - SpawnProcess-2 - Teacher 22 is already teaching another subject in slot 7 on monday.
2025-01-30 20:34:22,738 - WARNING - SpawnProcess-2 - Teacher 22 is already teaching another subject in slot 10 on monday.
2025-01-30 20:34:22,739 - WARNING - SpawnProcess-2 - Teacher 22 is already teaching another subject in slot 9 on tuesday.
2025-01-30 20:34:22,741 - WARNING - SpawnProcess-2 - Some students are already assigned to another class in slot 1 on monday.
2025-01-30 20:34:22,741 - WARNING - SpawnProcess-2 - Teacher 22 is already teaching another subject in slot 7 on monday.
2025-01-30 20:34:22,741 - WARNING - SpawnProcess-2 - Teacher 22 is already teaching another subject in slot 10 on monday.
2025-01-30 20:34:22,742 - WARNING - SpawnProcess-2 - Teacher 22 is already teaching another subject in slot 10 on tuesday.
2025-01-30 20:34:22,743 - WARNING - SpawnProcess-2 - Some students are already assigned to another class in slot 1 on monday.
2025-01-30 20:34:22,743 - WARNING - SpawnProcess-2 - Teacher 22 is already teaching another subject in slot 7 on monday.
2025-01-30 20:34:22,743 - WARNING - SpawnProcess-2 - Teacher 22 is already teaching another subject in slot 10 on monday.
2025-01-30 20:34:22,744 - WARNING - SpawnProcess-2 - Teacher 22 is already teaching another subject in slot 1 on wednesday.
2025-01-30 20:34:22,746 - WARNING - SpawnProcess-2 - Some students are already assigned to another class in slot 1 on monday.
2025-01-30 20:34:22,746 - WARNING - SpawnProcess-2 - Teacher 22 is already teaching another subject in slot 7 on monday.
2025-01-30 20:34:22,746 - WARNING - SpawnProcess-2 - Teacher 22 is already teaching another subject in slot 10 on monday.
2025-01-30 20:34:22,747 - WARNING - SpawnProcess-2 - Teacher 22 is already teaching another subject in slot 2 on wednesday.
2025-01-30 20:34:22,749 - WARNING - SpawnProcess-2 - Some students are already assigned to another class in slot 1 on monday.
2025-01-30 20:34:22,749 - WARNING - SpawnProcess-2 - Teacher 22 is already teaching another subject in slot 7 on monday.
2025-01-30 20:34:22,749 - WARNING - SpawnProcess-2 - Teacher 22 is already teaching another subject in slot 10 on monday.
2025-01-30 20:34:22,750 - WARNING - SpawnProcess-2 - Teacher 22 is already teaching another subject in slot 3 on wednesday.
2025-01-30 20:34:22,752 - WARNING - SpawnProcess-2 - Some students are already assigned to another class in slot 1 on monday.
2025-01-30 20:34:22,752 - WARNING - SpawnProcess-2 - Teacher 22 is already teaching another subject in slot 7 on monday.
2025-01-30 20:34:22,752 - WARNING - SpawnProcess-2 - Teacher 22 is already teaching another subject in slot 10 on monday.
2025-01-30 20:34:22,753 - WARNING - SpawnProcess-2 - Teacher 22 is already teaching another subject in slot 4 on wednesday.
2025-01-30 20:34:22,754 - WARNING - SpawnProcess-2 - Some students are already assigned to another class in slot 1 on monday.
2025-01-30 20:34:22,755 - WARNING - SpawnProcess-2 - Teacher 22 is already teaching another subject in slot 7 on monday.
2025-01-30 20:34:22,755 - WARNING - SpawnProcess-2 - Teacher 22 is already teaching another subject in slot 10 on monday.
2025-01-30 20:34:22,756 - WARNING - SpawnProcess-2 - Teacher 22 is already teaching another subject in slot 5 on wednesday.
2025-01-30 20:34:22,757 - WARNING - SpawnProcess-2 - Some students are already assigned to another class in slot 1 on monday.
2025-01-30 20:34:22,758 - WARNING - SpawnProcess-2 - Teacher 22 is already teaching another subject in slot 7 on monday.
2025-01-30 20:34:22,758 - WARNING - SpawnProcess-2 - Teacher 22 is already teaching another subject in slot 10 on monday.
2025-01-30 20:34:22,759 - WARNING - SpawnProcess-2 - Teacher 22 is already teaching another subject in slot 6 on wednesday.
2025-01-30 20:34:22,760 - WARNING - SpawnProcess-2 - Some students are already assigned to another class in slot 1 on monday.
2025-01-30 20:34:22,760 - WARNING - SpawnProcess-2 - Teacher 22 is already teaching another subject in slot 7 on monday.
2025-01-30 20:34:22,760 - WARNING - SpawnProcess-2 - Teacher 22 is already teaching another subject in slot 10 on monday.
2025-01-30 20:34:22,761 - WARNING - SpawnProcess-2 - Teacher 22 is already teaching another subject in slot 7 on wednesday.
2025-01-30 20:34:22,762 - WARNING - SpawnProcess-2 - Some students are already assigned to another class in slot 1 on monday.
2025-01-30 20:34:22,763 - WARNING - SpawnProcess-2 - Teacher 22 is already teaching another subject in slot 7 on monday.
2025-01-30 20:34:22,763 - WARNING - SpawnProcess-2 - Teacher 22 is already teaching another subject in slot 10 on monday.
2025-01-30 20:34:22,764 - WARNING - SpawnProcess-2 - Teacher 22 is already teaching another subject in slot 8 on wednesday.
2025-01-30 20:34:22,765 - WARNING - SpawnProcess-2 - Some students are already assigned to another class in slot 1 on monday.
2025-01-30 20:34:22,766 - WARNING - SpawnProcess-2 - Teacher 22 is already teaching another subject in slot 7 on monday.
2025-01-30 20:34:22,766 - WARNING - SpawnProcess-2 - Teacher 22 is already teaching another subject in slot 10 on monday.
2025-01-30 20:34:22,767 - WARNING - SpawnProcess-2 - Teacher 22 is already teaching another subject in slot 9 on wednesday.
2025-01-30 20:34:22,768 - WARNING - SpawnProcess-2 - Some students are already assigned to another class in slot 1 on monday.
2025-01-30 20:34:22,768 - WARNING - SpawnProcess-2 - Teacher 22 is already teaching another subject in slot 7 on monday.
2025-01-30 20:34:22,769 - WARNING - SpawnProcess-2 - Teacher 22 is already teaching another subject in slot 10 on monday.
2025-01-30 20:34:22,770 - WARNING - SpawnProcess-2 - Teacher 22 is already teaching another subject in slot 10 on wednesday.
2025-01-30 20:34:22,771 - WARNING - SpawnProcess-2 - Some students are already assigned to another class in slot 1 on monday.
2025-01-30 20:34:22,771 - WARNING - SpawnProcess-2 - Teacher 22 is already teaching another subject in slot 7 on monday.
2025-01-30 20:34:22,771 - WARNING - SpawnProcess-2 - Teacher 22 is already teaching another subject in slot 10 on monday.
2025-01-30 20:34:22,772 - WARNING - SpawnProcess-2 - Teacher 22 is already teaching another subject in slot 1 on thursday.
2025-01-30 20:34:22,773 - WARNING - SpawnProcess-2 - Some students are already assigned to another class in slot 1 on monday.
2025-01-30 20:34:22,774 - WARNING - SpawnProcess-2 - Teacher 22 is already teaching another subject in slot 7 on monday.
2025-01-30 20:34:22,774 - WARNING - SpawnProcess-2 - Teacher 22 is already teaching another subject in slot 10 on monday.
2025-01-30 20:34:22,775 - WARNING - SpawnProcess-2 - Teacher 22 is already teaching another subject in slot 2 on thursday.
2025-01-30 20:34:22,776 - WARNING - SpawnProcess-2 - Some students are already assigned to another class in slot 1 on monday.
2025-01-30 20:34:22,776 - WARNING - SpawnProcess-2 - Teacher 22 is already teaching another subject in slot 7 on monday.
2025-01-30 20:34:22,776 - WARNING - SpawnProcess-2 - Teacher 22 is already teaching another subject in slot 10 on monday.
2025-01-30 20:34:22,777 - WARNING - SpawnProcess-2 - Teacher 22 is already teaching another subject in slot 3 on thursday.
2025-01-30 20:34:22,778 - WARNING - SpawnProcess-2 - Some students are already assigned to another class in slot 1 on monday.
2025-01-30 20:34:22,778 - WARNING - SpawnProcess-2 - Teacher 22 is already teaching another subject in slot 7 on monday.
2025-01-30 20:34:22,778 - WARNING - SpawnProcess-2 - Teacher 22 is already teaching another subject in slot 10 on monday.
2025-01-30 20:34:22,780 - WARNING - SpawnProcess-2 - Teacher 22 is already teaching another subject in slot 4 on thursday.
2025-01-30 20:34:22,782 - WARNING - SpawnProcess-2 - Some students are already assigned to another class in slot 1 on monday.
2025-01-30 20:34:22,782 - WARNING - SpawnProcess-2 - Teacher 22 is already teaching another subject in slot 7 on monday.
2025-01-30 20:34:22,782 - WARNING - SpawnProcess-2 - Teacher 22 is already teaching another subject in slot 10 on monday.
2025-01-30 20:34:22,785 - WARNING - SpawnProcess-2 - Teacher 22 is already teaching another subject in slot 5 on thursday.
2025-01-30 20:34:22,786 - WARNING - SpawnProcess-2 - Some students are already assigned to another class in slot 1 on monday.
2025-01-30 20:34:22,786 - WARNING - SpawnProcess-2 - Teacher 22 is already teaching another subject in slot 7 on monday.
2025-01-30 20:34:22,787 - WARNING - SpawnProcess-2 - Teacher 22 is already teaching another subject in slot 10 on monday.
2025-01-30 20:34:22,790 - WARNING - SpawnProcess-2 - Teacher 22 is already teaching another subject in slot 6 on thursday.
2025-01-30 20:34:22,791 - WARNING - SpawnProcess-2 - Some students are already assigned to another class in slot 1 on monday.
2025-01-30 20:34:22,791 - WARNING - SpawnProcess-2 - Teacher 22 is already teaching another subject in slot 7 on monday.
2025-01-30 20:34:22,792 - WARNING - SpawnProcess-2 - Teacher 22 is already teaching another subject in slot 10 on monday.
2025-01-30 20:34:22,795 - WARNING - SpawnProcess-2 - Teacher 22 is already teaching another subject in slot 7 on thursday.
2025-01-30 20:34:22,795 - WARNING - SpawnProcess-2 - Some students are already assigned to another class in slot 1 on monday.
2025-01-30 20:34:22,797 - WARNING - SpawnProcess-2 - Teacher 22 is already teaching another subject in slot 7 on monday.
2025-01-30 20:34:22,797 - WARNING - SpawnProcess-2 - Teacher 22 is already teaching another subject in slot 10 on monday.
2025-01-30 20:34:22,800 - WARNING - SpawnProcess-2 - Teacher 22 is already teaching another subject in slot 8 on thursday.
2025-01-30 20:34:22,800 - WARNING - SpawnProcess-2 - Some students are already assigned to another class in slot 1 on monday.
2025-01-30 20:34:22,801 - WARNING - SpawnProcess-2 - Teacher 22 is already teaching another subject in slot 7 on monday.
2025-01-30 20:34:22,801 - WARNING - SpawnProcess-2 - Teacher 22 is already teaching another subject in slot 10 on monday.
2025-01-30 20:34:22,803 - WARNING - SpawnProcess-2 - Teacher 22 is already teaching another subject in slot 9 on thursday.
2025-01-30 20:34:22,803 - WARNING - SpawnProcess-2 - Some students are already assigned to another class in slot 1 on monday.
2025-01-30 20:34:22,803 - WARNING - SpawnProcess-2 - Teacher 22 is already teaching another subject in slot 7 on monday.
2025-01-30 20:34:22,803 - WARNING - SpawnProcess-2 - Teacher 22 is already teaching another subject in slot 10 on monday.
2025-01-30 20:34:22,806 - WARNING - SpawnProcess-2 - Teacher 22 is already teaching another subject in slot 10 on thursday.
2025-01-30 20:34:22,806 - WARNING - SpawnProcess-2 - Some students are already assigned to another class in slot 1 on monday.
2025-01-30 20:34:22,806 - WARNING - SpawnProcess-2 - Some students are already assigned to another class in slot 1 on monday.
2025-01-30 20:34:22,806 - WARNING - SpawnProcess-2 - Teacher 22 is already teaching another subject in slot 2 on monday.
2025-01-30 20:34:22,806 - WARNING - SpawnProcess-2 - Teacher 22 is already teaching another subject in slot 7 on monday.
2025-01-30 20:34:22,807 - WARNING - SpawnProcess-2 - Teacher 22 is already teaching another subject in slot 1 on tuesday.
2025-01-30 20:34:22,811 - WARNING - SpawnProcess-2 - Some students are already assigned to another class in slot 1 on monday.
2025-01-30 20:34:22,811 - WARNING - SpawnProcess-2 - Teacher 22 is already teaching another subject in slot 3 on monday.
2025-01-30 20:34:22,812 - WARNING - SpawnProcess-2 - Teacher 22 is already teaching another subject in slot 7 on monday.
2025-01-30 20:34:22,812 - WARNING - SpawnProcess-2 - Teacher 22 is already teaching another subject in slot 1 on tuesday.
2025-01-30 20:34:22,816 - WARNING - SpawnProcess-2 - Some students are already assigned to another class in slot 1 on monday.
2025-01-30 20:34:22,816 - WARNING - SpawnProcess-2 - Teacher 22 is already teaching another subject in slot 4 on monday.
2025-01-30 20:34:22,816 - WARNING - SpawnProcess-2 - Teacher 22 is already teaching another subject in slot 7 on monday.
2025-01-30 20:34:22,816 - WARNING - SpawnProcess-2 - Teacher 22 is already teaching another subject in slot 1 on tuesday.
2025-01-30 20:34:22,818 - WARNING - SpawnProcess-2 - Some students are already assigned to another class in slot 1 on monday.
2025-01-30 20:34:22,818 - WARNING - SpawnProcess-2 - Teacher 22 is already teaching another subject in slot 5 on monday.
2025-01-30 20:34:22,819 - WARNING - SpawnProcess-2 - Teacher 22 is already teaching another subject in slot 7 on monday.
2025-01-30 20:34:22,819 - WARNING - SpawnProcess-2 - Teacher 22 is already teaching another subject in slot 1 on tuesday.
2025-01-30 20:34:22,821 - WARNING - SpawnProcess-2 - Some students are already assigned to another class in slot 1 on monday.
2025-01-30 20:34:22,821 - WARNING - SpawnProcess-2 - Teacher 22 is already teaching another subject in slot 6 on monday.
2025-01-30 20:34:22,821 - WARNING - SpawnProcess-2 - Teacher 22 is already teaching another subject in slot 7 on monday.
2025-01-30 20:34:22,821 - WARNING - SpawnProcess-2 - Teacher 22 is already teaching another subject in slot 1 on tuesday.
2025-01-30 20:34:22,823 - WARNING - SpawnProcess-2 - Teacher 22 is already teaching another subject in slot 7 on monday.
2025-01-30 20:34:22,823 - WARNING - SpawnProcess-2 - Some students are already assigned to another class in slot 1 on monday.
2025-01-30 20:34:22,824 - WARNING - SpawnProcess-2 - Teacher 22 is already teaching another subject in slot 7 on monday.
2025-01-30 20:34:22,824 - WARNING - SpawnProcess-2 - Teacher 22 is already teaching another subject in slot 8 on monday.
2025-01-30 20:34:22,824 - WARNING - SpawnProcess-2 - Teacher 22 is already teaching another subject in slot 1 on tuesday.
2025-01-30 20:34:22,826 - WARNING - SpawnProcess-2 - Some students are already assigned to another class in slot 1 on monday.
2025-01-30 20:34:22,826 - WARNING - SpawnProcess-2 - Teacher 22 is already teaching another subject in slot 7 on monday.
2025-01-30 20:34:22,826 - WARNING - SpawnProcess-2 - Teacher 22 is already teaching another subject in slot 9 on monday.
2025-01-30 20:34:22,827 - WARNING - SpawnProcess-2 - Teacher 22 is already teaching another subject in slot 1 on tuesday.
2025-01-30 20:34:22,830 - WARNING - SpawnProcess-2 - Some students are already assigned to another class in slot 1 on monday.
2025-01-30 20:34:22,831 - WARNING - SpawnProcess-2 - Teacher 22 is already teaching another subject in slot 7 on monday.
2025-01-30 20:34:22,831 - WARNING - SpawnProcess-2 - Teacher 22 is already teaching another subject in slot 10 on monday.
2025-01-30 20:34:22,831 - WARNING - SpawnProcess-2 - Teacher 22 is already teaching another subject in slot 1 on tuesday.
2025-01-30 20:34:22,835 - WARNING - SpawnProcess-2 - Teacher 22 is already teaching another subject in slot 1 on tuesday.
2025-01-30 20:34:22,835 - WARNING - SpawnProcess-2 - Some students are already assigned to another class in slot 1 on monday.
2025-01-30 20:34:22,836 - WARNING - SpawnProcess-2 - Teacher 22 is already teaching another subject in slot 7 on monday.
2025-01-30 20:34:22,836 - WARNING - SpawnProcess-2 - Teacher 22 is already teaching another subject in slot 1 on tuesday.
2025-01-30 20:34:22,836 - WARNING - SpawnProcess-2 - Teacher 22 is already teaching another subject in slot 2 on tuesday.
2025-01-30 20:34:22,839 - WARNING - SpawnProcess-2 - Some students are already assigned to another class in slot 1 on monday.
2025-01-30 20:34:22,840 - WARNING - SpawnProcess-2 - Teacher 22 is already teaching another subject in slot 7 on monday.
2025-01-30 20:34:22,840 - WARNING - SpawnProcess-2 - Teacher 22 is already teaching another subject in slot 1 on tuesday.
2025-01-30 20:34:22,841 - WARNING - SpawnProcess-2 - Teacher 22 is already teaching another subject in slot 3 on tuesday.
2025-01-30 20:34:22,844 - WARNING - SpawnProcess-2 - Some students are already assigned to another class in slot 1 on monday.
2025-01-30 20:34:22,845 - WARNING - SpawnProcess-2 - Teacher 22 is already teaching another subject in slot 7 on monday.
2025-01-30 20:34:22,845 - WARNING - SpawnProcess-2 - Teacher 22 is already teaching another subject in slot 1 on tuesday.
2025-01-30 20:34:22,845 - WARNING - SpawnProcess-2 - Teacher 22 is already teaching another subject in slot 4 on tuesday.
2025-01-30 20:34:22,847 - WARNING - SpawnProcess-2 - Some students are already assigned to another class in slot 1 on monday.
2025-01-30 20:34:22,847 - WARNING - SpawnProcess-2 - Teacher 22 is already teaching another subject in slot 7 on monday.
2025-01-30 20:34:22,848 - WARNING - SpawnProcess-2 - Teacher 22 is already teaching another subject in slot 1 on tuesday.
2025-01-30 20:34:22,848 - WARNING - SpawnProcess-2 - Teacher 22 is already teaching another subject in slot 5 on tuesday.
2025-01-30 20:34:22,849 - WARNING - SpawnProcess-2 - Some students are already assigned to another class in slot 1 on monday.
2025-01-30 20:34:22,849 - WARNING - SpawnProcess-2 - Teacher 22 is already teaching another subject in slot 7 on monday.
2025-01-30 20:34:22,850 - WARNING - SpawnProcess-2 - Teacher 22 is already teaching another subject in slot 1 on tuesday.
2025-01-30 20:34:22,850 - WARNING - SpawnProcess-2 - Teacher 22 is already teaching another subject in slot 6 on tuesday.
2025-01-30 20:34:22,852 - WARNING - SpawnProcess-2 - Some students are already assigned to another class in slot 1 on monday.
2025-01-30 20:34:22,852 - WARNING - SpawnProcess-2 - Teacher 22 is already teaching another subject in slot 7 on monday.
2025-01-30 20:34:22,852 - WARNING - SpawnProcess-2 - Teacher 22 is already teaching another subject in slot 1 on tuesday.
2025-01-30 20:34:22,853 - WARNING - SpawnProcess-2 - Teacher 22 is already teaching another subject in slot 7 on tuesday.
2025-01-30 20:34:22,854 - WARNING - SpawnProcess-2 - Some students are already assigned to another class in slot 1 on monday.
2025-01-30 20:34:22,855 - WARNING - SpawnProcess-2 - Teacher 22 is already teaching another subject in slot 7 on monday.
2025-01-30 20:34:22,855 - WARNING - SpawnProcess-2 - Teacher 22 is already teaching another subject in slot 1 on tuesday.
2025-01-30 20:34:22,855 - WARNING - SpawnProcess-2 - Teacher 22 is already teaching another subject in slot 8 on tuesday.
2025-01-30 20:34:22,857 - WARNING - SpawnProcess-2 - Some students are already assigned to another class in slot 1 on monday.
2025-01-30 20:34:22,857 - WARNING - SpawnProcess-2 - Teacher 22 is already teaching another subject in slot 7 on monday.
2025-01-30 20:34:22,857 - WARNING - SpawnProcess-2 - Teacher 22 is already teaching another subject in slot 1 on tuesday.
2025-01-30 20:34:22,859 - WARNING - SpawnProcess-2 - Teacher 22 is already teaching another subject in slot 9 on tuesday.
2025-01-30 20:34:22,862 - WARNING - SpawnProcess-2 - Some students are already assigned to another class in slot 1 on monday.
2025-01-30 20:34:22,863 - WARNING - SpawnProcess-2 - Teacher 22 is already teaching another subject in slot 7 on monday.
2025-01-30 20:34:22,863 - WARNING - SpawnProcess-2 - Teacher 22 is already teaching another subject in slot 1 on tuesday.
2025-01-30 20:34:22,864 - WARNING - SpawnProcess-2 - Teacher 22 is already teaching another subject in slot 10 on tuesday.
2025-01-30 20:34:22,867 - WARNING - SpawnProcess-2 - Some students are already assigned to another class in slot 1 on monday.
2025-01-30 20:34:22,867 - WARNING - SpawnProcess-2 - Teacher 22 is already teaching another subject in slot 7 on monday.
2025-01-30 20:34:22,868 - WARNING - SpawnProcess-2 - Teacher 22 is already teaching another subject in slot 1 on tuesday.
2025-01-30 20:34:22,869 - WARNING - SpawnProcess-2 - Teacher 22 is already teaching another subject in slot 1 on wednesday.
2025-01-30 20:34:22,871 - WARNING - SpawnProcess-2 - Some students are already assigned to another class in slot 1 on monday.
2025-01-30 20:34:22,872 - WARNING - SpawnProcess-2 - Teacher 22 is already teaching another subject in slot 7 on monday.
2025-01-30 20:34:22,872 - WARNING - SpawnProcess-2 - Teacher 22 is already teaching another subject in slot 1 on tuesday.
2025-01-30 20:34:22,873 - WARNING - SpawnProcess-2 - Teacher 22 is already teaching another subject in slot 2 on wednesday.
2025-01-30 20:34:22,876 - WARNING - SpawnProcess-2 - Some students are already assigned to another class in slot 1 on monday.
2025-01-30 20:34:22,876 - WARNING - SpawnProcess-2 - Teacher 22 is already teaching another subject in slot 7 on monday.
2025-01-30 20:34:22,876 - WARNING - SpawnProcess-2 - Teacher 22 is already teaching another subject in slot 1 on tuesday.
2025-01-30 20:34:22,877 - WARNING - SpawnProcess-2 - Teacher 22 is already teaching another subject in slot 3 on wednesday.
2025-01-30 20:34:22,878 - WARNING - SpawnProcess-2 - Some students are already assigned to another class in slot 1 on monday.
2025-01-30 20:34:22,879 - WARNING - SpawnProcess-2 - Teacher 22 is already teaching another subject in slot 7 on monday.
2025-01-30 20:34:22,879 - WARNING - SpawnProcess-2 - Teacher 22 is already teaching another subject in slot 1 on tuesday.
2025-01-30 20:34:22,880 - WARNING - SpawnProcess-2 - Teacher 22 is already teaching another subject in slot 4 on wednesday.
2025-01-30 20:34:22,881 - WARNING - SpawnProcess-2 - Some students are already assigned to another class in slot 1 on monday.
2025-01-30 20:34:22,881 - WARNING - SpawnProcess-2 - Teacher 22 is already teaching another subject in slot 7 on monday.
2025-01-30 20:34:22,881 - WARNING - SpawnProcess-2 - Teacher 22 is already teaching another subject in slot 1 on tuesday.
2025-01-30 20:34:22,883 - WARNING - SpawnProcess-2 - Teacher 22 is already teaching another subject in slot 5 on wednesday.
2025-01-30 20:34:22,884 - WARNING - SpawnProcess-2 - Some students are already assigned to another class in slot 1 on monday.
2025-01-30 20:34:22,884 - WARNING - SpawnProcess-2 - Teacher 22 is already teaching another subject in slot 7 on monday.
2025-01-30 20:34:22,884 - WARNING - SpawnProcess-2 - Teacher 22 is already teaching another subject in slot 1 on tuesday.
2025-01-30 20:34:22,885 - WARNING - SpawnProcess-2 - Teacher 22 is already teaching another subject in slot 6 on wednesday.
2025-01-30 20:34:22,886 - WARNING - SpawnProcess-2 - Some students are already assigned to another class in slot 1 on monday.
2025-01-30 20:34:22,886 - WARNING - SpawnProcess-2 - Teacher 22 is already teaching another subject in slot 7 on monday.
2025-01-30 20:34:22,886 - WARNING - SpawnProcess-2 - Teacher 22 is already teaching another subject in slot 1 on tuesday.
2025-01-30 20:34:22,888 - WARNING - SpawnProcess-2 - Teacher 22 is already teaching another subject in slot 7 on wednesday.
2025-01-30 20:34:22,889 - WARNING - SpawnProcess-2 - Some students are already assigned to another class in slot 1 on monday.
2025-01-30 20:34:22,889 - WARNING - SpawnProcess-2 - Teacher 22 is already teaching another subject in slot 7 on monday.
2025-01-30 20:34:22,891 - WARNING - SpawnProcess-2 - Teacher 22 is already teaching another subject in slot 1 on tuesday.
2025-01-30 20:34:22,891 - WARNING - SpawnProcess-2 - Teacher 22 is already teaching another subject in slot 8 on wednesday.
2025-01-30 20:34:22,892 - WARNING - SpawnProcess-2 - Some students are already assigned to another class in slot 1 on monday.
2025-01-30 20:34:22,892 - WARNING - SpawnProcess-2 - Teacher 22 is already teaching another subject in slot 7 on monday.
2025-01-30 20:34:22,893 - WARNING - SpawnProcess-2 - Teacher 22 is already teaching another subject in slot 1 on tuesday.
2025-01-30 20:34:22,894 - WARNING - SpawnProcess-2 - Teacher 22 is already teaching another subject in slot 9 on wednesday.
2025-01-30 20:34:22,895 - WARNING - SpawnProcess-2 - Some students are already assigned to another class in slot 1 on monday.
2025-01-30 20:34:22,895 - WARNING - SpawnProcess-2 - Teacher 22 is already teaching another subject in slot 7 on monday.
2025-01-30 20:34:22,895 - WARNING - SpawnProcess-2 - Teacher 22 is already teaching another subject in slot 1 on tuesday.
2025-01-30 20:34:22,897 - WARNING - SpawnProcess-2 - Teacher 22 is already teaching another subject in slot 10 on wednesday.
2025-01-30 20:34:22,897 - WARNING - SpawnProcess-2 - Some students are already assigned to another class in slot 1 on monday.
2025-01-30 20:34:22,898 - WARNING - SpawnProcess-2 - Teacher 22 is already teaching another subject in slot 7 on monday.
2025-01-30 20:34:22,898 - WARNING - SpawnProcess-2 - Teacher 22 is already teaching another subject in slot 1 on tuesday.
2025-01-30 20:34:22,899 - WARNING - SpawnProcess-2 - Teacher 22 is already teaching another subject in slot 1 on thursday.
2025-01-30 20:34:22,900 - WARNING - SpawnProcess-2 - Some students are already assigned to another class in slot 1 on monday.
2025-01-30 20:34:22,900 - WARNING - SpawnProcess-2 - Teacher 22 is already teaching another subject in slot 7 on monday.
2025-01-30 20:34:22,901 - WARNING - SpawnProcess-2 - Teacher 22 is already teaching another subject in slot 1 on tuesday.
2025-01-30 20:34:22,902 - WARNING - SpawnProcess-2 - Teacher 22 is already teaching another subject in slot 2 on thursday.
2025-01-30 20:34:22,903 - WARNING - SpawnProcess-2 - Some students are already assigned to another class in slot 1 on monday.
2025-01-30 20:34:22,903 - WARNING - SpawnProcess-2 - Teacher 22 is already teaching another subject in slot 7 on monday.
2025-01-30 20:34:22,903 - WARNING - SpawnProcess-2 - Teacher 22 is already teaching another subject in slot 1 on tuesday.
2025-01-30 20:34:22,905 - WARNING - SpawnProcess-2 - Teacher 22 is already teaching another subject in slot 3 on thursday.
2025-01-30 20:34:22,905 - WARNING - SpawnProcess-2 - Some students are already assigned to another class in slot 1 on monday.
2025-01-30 20:34:22,906 - WARNING - SpawnProcess-2 - Teacher 22 is already teaching another subject in slot 7 on monday.
2025-01-30 20:34:22,906 - WARNING - SpawnProcess-2 - Teacher 22 is already teaching another subject in slot 1 on tuesday.
2025-01-30 20:34:22,907 - WARNING - SpawnProcess-2 - Teacher 22 is already teaching another subject in slot 4 on thursday.
2025-01-30 20:34:22,908 - WARNING - SpawnProcess-2 - Some students are already assigned to another class in slot 1 on monday.
2025-01-30 20:34:22,908 - WARNING - SpawnProcess-2 - Teacher 22 is already teaching another subject in slot 7 on monday.
2025-01-30 20:34:22,908 - WARNING - SpawnProcess-2 - Teacher 22 is already teaching another subject in slot 1 on tuesday.
2025-01-30 20:34:22,910 - WARNING - SpawnProcess-2 - Teacher 22 is already teaching another subject in slot 5 on thursday.
2025-01-30 20:34:22,911 - WARNING - SpawnProcess-2 - Some students are already assigned to another class in slot 1 on monday.
2025-01-30 20:34:22,911 - WARNING - SpawnProcess-2 - Teacher 22 is already teaching another subject in slot 7 on monday.
2025-01-30 20:34:22,911 - WARNING - SpawnProcess-2 - Teacher 22 is already teaching another subject in slot 1 on tuesday.
2025-01-30 20:34:22,913 - WARNING - SpawnProcess-2 - Teacher 22 is already teaching another subject in slot 6 on thursday.
2025-01-30 20:34:22,914 - WARNING - SpawnProcess-2 - Some students are already assigned to another class in slot 1 on monday.
2025-01-30 20:34:22,914 - WARNING - SpawnProcess-2 - Teacher 22 is already teaching another subject in slot 7 on monday.
2025-01-30 20:34:22,915 - WARNING - SpawnProcess-2 - Teacher 22 is already teaching another subject in slot 1 on tuesday.
2025-01-30 20:34:22,916 - WARNING - SpawnProcess-2 - Teacher 22 is already teaching another subject in slot 7 on thursday.
2025-01-30 20:34:22,917 - WARNING - SpawnProcess-2 - Some students are already assigned to another class in slot 1 on monday.
2025-01-30 20:34:22,917 - WARNING - SpawnProcess-2 - Teacher 22 is already teaching another subject in slot 7 on monday.
2025-01-30 20:34:22,917 - WARNING - SpawnProcess-2 - Teacher 22 is already teaching another subject in slot 1 on tuesday.
2025-01-30 20:34:22,919 - WARNING - SpawnProcess-2 - Teacher 22 is already teaching another subject in slot 8 on thursday.
2025-01-30 20:34:22,919 - WARNING - SpawnProcess-2 - Some students are already assigned to another class in slot 1 on monday.
2025-01-30 20:34:22,919 - WARNING - SpawnProcess-2 - Teacher 22 is already teaching another subject in slot 7 on monday.
2025-01-30 20:34:22,920 - WARNING - SpawnProcess-2 - Teacher 22 is already teaching another subject in slot 1 on tuesday.
2025-01-30 20:34:22,923 - WARNING - SpawnProcess-2 - Teacher 22 is already teaching another subject in slot 9 on thursday.
2025-01-30 20:34:22,923 - WARNING - SpawnProcess-2 - Some students are already assigned to another class in slot 1 on monday.
2025-01-30 20:34:22,923 - WARNING - SpawnProcess-2 - Teacher 22 is already teaching another subject in slot 7 on monday.
2025-01-30 20:34:22,924 - WARNING - SpawnProcess-2 - Teacher 22 is already teaching another subject in slot 1 on tuesday.
2025-01-30 20:34:22,925 - WARNING - SpawnProcess-2 - Teacher 22 is already teaching another subject in slot 10 on thursday.
2025-01-30 20:34:22,925 - WARNING - SpawnProcess-2 - Some students are already assigned to another class in slot 1 on monday.
2025-01-30 20:34:22,925 - WARNING - SpawnProcess-2 - Some students are already assigned to another class in slot 1 on monday.
2025-01-30 20:34:22,925 - WARNING - SpawnProcess-2 - Teacher 22 is already teaching another subject in slot 2 on monday.
2025-01-30 20:34:22,925 - WARNING - SpawnProcess-2 - Teacher 22 is already teaching another subject in slot 7 on monday.
2025-01-30 20:34:22,927 - WARNING - SpawnProcess-2 - Teacher 22 is already teaching another subject in slot 2 on tuesday.
2025-01-30 20:34:22,928 - WARNING - SpawnProcess-2 - Some students are already assigned to another class in slot 1 on monday.
2025-01-30 20:34:22,928 - WARNING - SpawnProcess-2 - Teacher 22 is already teaching another subject in slot 3 on monday.
2025-01-30 20:34:22,928 - WARNING - SpawnProcess-2 - Teacher 22 is already teaching another subject in slot 7 on monday.
2025-01-30 20:34:22,929 - WARNING - SpawnProcess-2 - Teacher 22 is already teaching another subject in slot 2 on tuesday.
2025-01-30 20:34:22,931 - WARNING - SpawnProcess-2 - Some students are already assigned to another class in slot 1 on monday.
2025-01-30 20:34:22,931 - WARNING - SpawnProcess-2 - Teacher 22 is already teaching another subject in slot 4 on monday.
2025-01-30 20:34:22,931 - WARNING - SpawnProcess-2 - Teacher 22 is already teaching another subject in slot 7 on monday.
2025-01-30 20:34:22,932 - WARNING - SpawnProcess-2 - Teacher 22 is already teaching another subject in slot 2 on tuesday.
2025-01-30 20:34:22,934 - WARNING - SpawnProcess-2 - Some students are already assigned to another class in slot 1 on monday.
2025-01-30 20:34:22,934 - WARNING - SpawnProcess-2 - Teacher 22 is already teaching another subject in slot 5 on monday.
2025-01-30 20:34:22,934 - WARNING - SpawnProcess-2 - Teacher 22 is already teaching another subject in slot 7 on monday.
2025-01-30 20:34:22,934 - WARNING - SpawnProcess-2 - Teacher 22 is already teaching another subject in slot 2 on tuesday.
2025-01-30 20:34:22,937 - WARNING - SpawnProcess-2 - Some students are already assigned to another class in slot 1 on monday.
2025-01-30 20:34:22,937 - WARNING - SpawnProcess-2 - Teacher 22 is already teaching another subject in slot 6 on monday.
2025-01-30 20:34:22,937 - WARNING - SpawnProcess-2 - Teacher 22 is already teaching another subject in slot 7 on monday.
2025-01-30 20:34:22,937 - WARNING - SpawnProcess-2 - Teacher 22 is already teaching another subject in slot 2 on tuesday.
2025-01-30 20:34:22,939 - WARNING - SpawnProcess-2 - Teacher 22 is already teaching another subject in slot 7 on monday.
2025-01-30 20:34:22,939 - WARNING - SpawnProcess-2 - Some students are already assigned to another class in slot 1 on monday.
2025-01-30 20:34:22,940 - WARNING - SpawnProcess-2 - Teacher 22 is already teaching another subject in slot 7 on monday.
2025-01-30 20:34:22,940 - WARNING - SpawnProcess-2 - Teacher 22 is already teaching another subject in slot 8 on monday.
2025-01-30 20:34:22,940 - WARNING - SpawnProcess-2 - Teacher 22 is already teaching another subject in slot 2 on tuesday.
2025-01-30 20:34:22,942 - WARNING - SpawnProcess-2 - Some students are already assigned to another class in slot 1 on monday.
2025-01-30 20:34:22,942 - WARNING - SpawnProcess-2 - Teacher 22 is already teaching another subject in slot 7 on monday.
2025-01-30 20:34:22,942 - WARNING - SpawnProcess-2 - Teacher 22 is already teaching another subject in slot 9 on monday.
2025-01-30 20:34:22,942 - WARNING - SpawnProcess-2 - Teacher 22 is already teaching another subject in slot 2 on tuesday.
2025-01-30 20:34:22,944 - WARNING - SpawnProcess-2 - Some students are already assigned to another class in slot 1 on monday.
2025-01-30 20:34:22,945 - WARNING - SpawnProcess-2 - Teacher 22 is already teaching another subject in slot 7 on monday.
2025-01-30 20:34:22,945 - WARNING - SpawnProcess-2 - Teacher 22 is already teaching another subject in slot 10 on monday.
2025-01-30 20:34:22,945 - WARNING - SpawnProcess-2 - Teacher 22 is already teaching another subject in slot 2 on tuesday.
2025-01-30 20:34:22,947 - WARNING - SpawnProcess-2 - Some students are already assigned to another class in slot 1 on monday.
2025-01-30 20:34:22,948 - WARNING - SpawnProcess-2 - Teacher 22 is already teaching another subject in slot 7 on monday.
2025-01-30 20:34:22,948 - WARNING - SpawnProcess-2 - Teacher 22 is already teaching another subject in slot 1 on tuesday.
2025-01-30 20:34:22,948 - WARNING - SpawnProcess-2 - Teacher 22 is already teaching another subject in slot 2 on tuesday.
2025-01-30 20:34:22,950 - WARNING - SpawnProcess-2 - Teacher 22 is already teaching another subject in slot 2 on tuesday.
2025-01-30 20:34:22,950 - WARNING - SpawnProcess-2 - Some students are already assigned to another class in slot 1 on monday.
2025-01-30 20:34:22,951 - WARNING - SpawnProcess-2 - Teacher 22 is already teaching another subject in slot 7 on monday.
2025-01-30 20:34:22,951 - WARNING - SpawnProcess-2 - Teacher 22 is already teaching another subject in slot 2 on tuesday.
2025-01-30 20:34:22,951 - WARNING - SpawnProcess-2 - Teacher 22 is already teaching another subject in slot 3 on tuesday.
2025-01-30 20:34:22,953 - WARNING - SpawnProcess-2 - Some students are already assigned to another class in slot 1 on monday.
2025-01-30 20:34:22,953 - WARNING - SpawnProcess-2 - Teacher 22 is already teaching another subject in slot 7 on monday.
2025-01-30 20:34:22,954 - WARNING - SpawnProcess-2 - Teacher 22 is already teaching another subject in slot 2 on tuesday.
2025-01-30 20:34:22,954 - WARNING - SpawnProcess-2 - Teacher 22 is already teaching another subject in slot 4 on tuesday.
2025-01-30 20:34:22,955 - WARNING - SpawnProcess-2 - Some students are already assigned to another class in slot 1 on monday.
2025-01-30 20:34:22,956 - WARNING - SpawnProcess-2 - Teacher 22 is already teaching another subject in slot 7 on monday.
2025-01-30 20:34:22,956 - WARNING - SpawnProcess-2 - Teacher 22 is already teaching another subject in slot 2 on tuesday.
2025-01-30 20:34:22,957 - WARNING - SpawnProcess-2 - Teacher 22 is already teaching another subject in slot 5 on tuesday.
2025-01-30 20:34:22,958 - WARNING - SpawnProcess-2 - Some students are already assigned to another class in slot 1 on monday.
2025-01-30 20:34:22,959 - WARNING - SpawnProcess-2 - Teacher 22 is already teaching another subject in slot 7 on monday.
2025-01-30 20:34:22,959 - WARNING - SpawnProcess-2 - Teacher 22 is already teaching another subject in slot 2 on tuesday.
2025-01-30 20:34:22,959 - WARNING - SpawnProcess-2 - Teacher 22 is already teaching another subject in slot 6 on tuesday.
2025-01-30 20:34:22,961 - WARNING - SpawnProcess-2 - Some students are already assigned to another class in slot 1 on monday.
2025-01-30 20:34:22,961 - WARNING - SpawnProcess-2 - Teacher 22 is already teaching another subject in slot 7 on monday.
2025-01-30 20:34:22,961 - WARNING - SpawnProcess-2 - Teacher 22 is already teaching another subject in slot 2 on tuesday.
2025-01-30 20:34:22,962 - WARNING - SpawnProcess-2 - Teacher 22 is already teaching another subject in slot 7 on tuesday.
2025-01-30 20:34:22,963 - WARNING - SpawnProcess-2 - Some students are already assigned to another class in slot 1 on monday.
2025-01-30 20:34:22,964 - WARNING - SpawnProcess-2 - Teacher 22 is already teaching another subject in slot 7 on monday.
2025-01-30 20:34:22,964 - WARNING - SpawnProcess-2 - Teacher 22 is already teaching another subject in slot 2 on tuesday.
2025-01-30 20:34:22,964 - WARNING - SpawnProcess-2 - Teacher 22 is already teaching another subject in slot 8 on tuesday.
2025-01-30 20:34:22,966 - WARNING - SpawnProcess-2 - Some students are already assigned to another class in slot 1 on monday.
2025-01-30 20:34:22,966 - WARNING - SpawnProcess-2 - Teacher 22 is already teaching another subject in slot 7 on monday.
2025-01-30 20:34:22,967 - WARNING - SpawnProcess-2 - Teacher 22 is already teaching another subject in slot 2 on tuesday.
