2025-01-30 21:15:02,675 - INFO - MainProcess - Starting timetable scheduling.
2025-01-30 21:15:02,676 - INFO - MainProcess - Loaded 26 teachers.
2025-01-30 21:15:02,676 - INFO - MainProcess - Loaded 20 subjects.
2025-01-30 21:15:02,676 - INFO - MainProcess - Subject ID 1 has 4 teacher assignments.
2025-01-30 21:15:02,676 - INFO - MainProcess - Subject ID 4 has 1 teacher assignments.
2025-01-30 21:15:02,676 - INFO - MainProcess - Subject ID 5 has 1 teacher assignments.
2025-01-30 21:15:02,676 - INFO - MainProcess - Subject ID 21 has 1 teacher assignments.
2025-01-30 21:15:02,676 - INFO - MainProcess - Subject ID 2 has 4 teacher assignments.
2025-01-30 21:15:02,676 - INFO - MainProcess - Subject ID 20 has 1 teacher assignments.
2025-01-30 21:15:02,676 - INFO - MainProcess - Subject ID 15 has 1 teacher assignments.
2025-01-30 21:15:02,676 - INFO - MainProcess - Subject ID 3 has 2 teacher assignments.
2025-01-30 21:15:02,676 - INFO - MainProcess - Subject ID 6 has 1 teacher assignments.
2025-01-30 21:15:02,676 - INFO - MainProcess - Subject ID 7 has 1 teacher assignments.
2025-01-30 21:15:02,676 - INFO - MainProcess - Subject ID 8 has 1 teacher assignments.
2025-01-30 21:15:02,676 - INFO - MainProcess - Subject ID 9 has 2 teacher assignments.
2025-01-30 21:15:02,676 - INFO - MainProcess - Subject ID 11 has 1 teacher assignments.
2025-01-30 21:15:02,676 - INFO - MainProcess - Subject ID 12 has 1 teacher assignments.
2025-01-30 21:15:02,676 - INFO - MainProcess - Subject ID 18 has 1 teacher assignments.
2025-01-30 21:15:02,676 - INFO - MainProcess - Subject ID 16 has 1 teacher assignments.
2025-01-30 21:15:02,676 - INFO - MainProcess - Subject ID 13 has 1 teacher assignments.
2025-01-30 21:15:02,676 - INFO - MainProcess - Subject ID 17 has 1 teacher assignments.
2025-01-30 21:15:02,676 - INFO - MainProcess - Subject ID 19 has 1 teacher assignments.
2025-01-30 21:15:02,676 - INFO - MainProcess - Subject ID 22 has 1 teacher assignments.
2025-01-30 21:15:02,676 - INFO - MainProcess - Subject ID 5 has 7 students.
2025-01-30 21:15:02,677 - INFO - MainProcess - Subject ID 2 has 71 students.
2025-01-30 21:15:02,677 - INFO - MainProcess - Subject ID 16 has 41 students.
2025-01-30 21:15:02,677 - INFO - MainProcess - Subject ID 17 has 30 students.
2025-01-30 21:15:02,677 - INFO - MainProcess - Subject ID 3 has 51 students.
2025-01-30 21:15:02,677 - INFO - MainProcess - Subject ID 21 has 70 students.
2025-01-30 21:15:02,677 - INFO - MainProcess - Subject ID 20 has 25 students.
2025-01-30 21:15:02,677 - INFO - MainProcess - Subject ID 11 has 32 students.
2025-01-30 21:15:02,677 - INFO - MainProcess - Subject ID 8 has 54 students.
2025-01-30 21:15:02,677 - INFO - MainProcess - Subject ID 1 has 89 students.
2025-01-30 21:15:02,677 - INFO - MainProcess - Subject ID 9 has 57 students.
2025-01-30 21:15:02,677 - INFO - MainProcess - Subject ID 13 has 27 students.
2025-01-30 21:15:02,677 - INFO - MainProcess - Subject ID 15 has 18 students.
2025-01-30 21:15:02,677 - INFO - MainProcess - Subject ID 4 has 23 students.
2025-01-30 21:15:02,677 - INFO - MainProcess - Subject ID 6 has 20 students.
2025-01-30 21:15:02,677 - INFO - MainProcess - Subject ID 19 has 37 students.
2025-01-30 21:15:02,677 - INFO - MainProcess - Subject ID 22 has 2 students.
2025-01-30 21:15:02,677 - INFO - MainProcess - Subject ID 18 has 10 students.
2025-01-30 21:15:02,677 - INFO - MainProcess - Subject ID 12 has 13 students.
2025-01-30 21:15:02,677 - INFO - MainProcess - Subject ID 7 has 2 students.
2025-01-30 21:15:02,685 - INFO - MainProcess - 
-> Generated 2 initial assignment(s) for parallel scheduling.
2025-01-30 21:15:02,685 - INFO - MainProcess - -> Utilizing 4 CPU cores for parallel scheduling.
2025-01-30 21:15:02,717 - ERROR - MainProcess - Generated an exception: Synchronized objects should only be shared between processes through inheritance
2025-01-30 21:15:02,720 - ERROR - MainProcess - Generated an exception: Synchronized objects should only be shared between processes through inheritance
2025-01-30 21:15:02,861 - ERROR - MainProcess - 
-> FAIL: No valid schedules found under current constraints.
2025-01-30 21:15:02,861 - ERROR - MainProcess - 
Could not generate a timetable under the given constraints.
