2025-01-30 21:09:31,181 - INFO - MainProcess - Starting timetable scheduling.
2025-01-30 21:09:31,182 - INFO - MainProcess - Loaded 26 teachers.
2025-01-30 21:09:31,183 - INFO - MainProcess - Loaded 20 subjects.
2025-01-30 21:09:31,183 - INFO - MainProcess - Subject ID 1 has 4 teacher assignments.
2025-01-30 21:09:31,183 - INFO - MainProcess - Subject ID 4 has 1 teacher assignments.
2025-01-30 21:09:31,183 - INFO - MainProcess - Subject ID 5 has 1 teacher assignments.
2025-01-30 21:09:31,183 - INFO - MainProcess - Subject ID 21 has 1 teacher assignments.
2025-01-30 21:09:31,183 - INFO - MainProcess - Subject ID 2 has 4 teacher assignments.
2025-01-30 21:09:31,183 - INFO - MainProcess - Subject ID 20 has 1 teacher assignments.
2025-01-30 21:09:31,183 - INFO - MainProcess - Subject ID 15 has 1 teacher assignments.
2025-01-30 21:09:31,183 - INFO - MainProcess - Subject ID 3 has 2 teacher assignments.
2025-01-30 21:09:31,183 - INFO - MainProcess - Subject ID 6 has 1 teacher assignments.
2025-01-30 21:09:31,183 - INFO - MainProcess - Subject ID 7 has 1 teacher assignments.
2025-01-30 21:09:31,183 - INFO - MainProcess - Subject ID 8 has 1 teacher assignments.
2025-01-30 21:09:31,183 - INFO - MainProcess - Subject ID 9 has 2 teacher assignments.
2025-01-30 21:09:31,183 - INFO - MainProcess - Subject ID 11 has 1 teacher assignments.
2025-01-30 21:09:31,183 - INFO - MainProcess - Subject ID 12 has 1 teacher assignments.
2025-01-30 21:09:31,183 - INFO - MainProcess - Subject ID 18 has 1 teacher assignments.
2025-01-30 21:09:31,183 - INFO - MainProcess - Subject ID 16 has 1 teacher assignments.
2025-01-30 21:09:31,183 - INFO - MainProcess - Subject ID 13 has 1 teacher assignments.
2025-01-30 21:09:31,183 - INFO - MainProcess - Subject ID 17 has 1 teacher assignments.
2025-01-30 21:09:31,183 - INFO - MainProcess - Subject ID 19 has 1 teacher assignments.
2025-01-30 21:09:31,183 - INFO - MainProcess - Subject ID 22 has 1 teacher assignments.
2025-01-30 21:09:31,183 - INFO - MainProcess - Subject ID 5 has 7 students.
2025-01-30 21:09:31,183 - INFO - MainProcess - Subject ID 2 has 71 students.
2025-01-30 21:09:31,183 - INFO - MainProcess - Subject ID 16 has 41 students.
2025-01-30 21:09:31,183 - INFO - MainProcess - Subject ID 17 has 30 students.
2025-01-30 21:09:31,183 - INFO - MainProcess - Subject ID 3 has 51 students.
2025-01-30 21:09:31,183 - INFO - MainProcess - Subject ID 21 has 70 students.
2025-01-30 21:09:31,183 - INFO - MainProcess - Subject ID 20 has 25 students.
2025-01-30 21:09:31,183 - INFO - MainProcess - Subject ID 11 has 32 students.
2025-01-30 21:09:31,183 - INFO - MainProcess - Subject ID 8 has 54 students.
2025-01-30 21:09:31,183 - INFO - MainProcess - Subject ID 1 has 89 students.
2025-01-30 21:09:31,183 - INFO - MainProcess - Subject ID 9 has 57 students.
2025-01-30 21:09:31,183 - INFO - MainProcess - Subject ID 13 has 27 students.
2025-01-30 21:09:31,183 - INFO - MainProcess - Subject ID 15 has 18 students.
2025-01-30 21:09:31,183 - INFO - MainProcess - Subject ID 4 has 23 students.
2025-01-30 21:09:31,183 - INFO - MainProcess - Subject ID 6 has 20 students.
2025-01-30 21:09:31,183 - INFO - MainProcess - Subject ID 19 has 37 students.
2025-01-30 21:09:31,183 - INFO - MainProcess - Subject ID 22 has 2 students.
2025-01-30 21:09:31,183 - INFO - MainProcess - Subject ID 18 has 10 students.
2025-01-30 21:09:31,183 - INFO - MainProcess - Subject ID 12 has 13 students.
2025-01-30 21:09:31,183 - INFO - MainProcess - Subject ID 7 has 2 students.
2025-01-30 21:09:31,349 - INFO - MainProcess - 
-> Generated 2 initial assignment(s) for parallel scheduling.
2025-01-30 21:09:31,349 - INFO - MainProcess - -> Utilizing 4 CPU cores for parallel scheduling.
2025-01-30 21:09:31,512 - INFO - SpawnProcess-3 - Starting scheduling process.
2025-01-30 21:09:31,512 - INFO - SpawnProcess-3 - Placed initial subject 4 (Teacher 24) in monday, slot 1
2025-01-30 21:09:31,513 - WARNING - SpawnProcess-3 - Subject 4 daily limit reached on monday.
2025-01-30 21:09:31,517 - ERROR - MainProcess - Generated an exception: 'ValueProxy' object has no attribute 'get_lock'
2025-01-30 21:09:31,525 - INFO - SpawnProcess-4 - Starting scheduling process.
2025-01-30 21:09:31,525 - INFO - SpawnProcess-4 - Placed initial subject 4 (Teacher 24) in monday, slot 1
2025-01-30 21:09:31,525 - WARNING - SpawnProcess-4 - Subject 4 daily limit reached on monday.
2025-01-30 21:09:31,529 - ERROR - MainProcess - Generated an exception: 'ValueProxy' object has no attribute 'get_lock'
2025-01-30 21:09:31,546 - ERROR - MainProcess - 
-> FAIL: No valid schedules found under current constraints.
2025-01-30 21:09:31,546 - ERROR - MainProcess - 
Could not generate a timetable under the given constraints.
